[debug] [2021-11-18T20:21:07.927Z] ----------------------------------------------------------------------
[debug] [2021-11-18T20:21:07.928Z] Command:       /usr/local/Cellar/node/16.6.1/bin/node /usr/local/bin/firebase emulators:start --only functions
[debug] [2021-11-18T20:21:07.929Z] CLI Version:   9.18.0
[debug] [2021-11-18T20:21:07.929Z] Platform:      darwin
[debug] [2021-11-18T20:21:07.929Z] Node Version:  v16.6.1
[debug] [2021-11-18T20:21:07.932Z] Time:          Thu Nov 18 2021 15:21:07 GMT-0500 (Eastern Standard Time)
[debug] [2021-11-18T20:21:07.932Z] ----------------------------------------------------------------------
[debug] 
[debug] [2021-11-18T20:21:07.994Z] > command requires scopes: ["email","openid","https://www.googleapis.com/auth/cloudplatformprojects.readonly","https://www.googleapis.com/auth/firebase","https://www.googleapis.com/auth/cloud-platform"]
[debug] [2021-11-18T20:21:07.995Z] > authorizing via signed-in user (admin@unltdstarfinance.com)
[info] i  emulators: Starting emulators: functions {"metadata":{"emulator":{"name":"hub"},"message":"Starting emulators: functions"}}
[debug] [2021-11-18T20:21:08.015Z] [hub] writing locator at /var/folders/zv/fyfsl4g14tdf075qf9ffw0k40000gn/T/hub-thepicks.json
[warn] ⚠  functions: The following emulators are not running, calls to these services from the Functions emulator will affect production: auth, firestore, database, hosting, pubsub, storage {"metadata":{"emulator":{"name":"functions"},"message":"The following emulators are not running, calls to these services from the Functions emulator will affect production: \u001b[1mauth, firestore, database, hosting, pubsub, storage\u001b[22m"}}
[warn] ⚠  Your requested "node" version "14" doesn't match your global version "16" {"metadata":{"emulator":{"name":"functions"},"message":"Your requested \"node\" version \"14\" doesn't match your global version \"16\""}}
[debug] [2021-11-18T20:21:08.094Z] defaultcredentials: writing to file /Users/mig/.config/firebase/admin_unltdstarfinance_com_application_default_credentials.json
[debug] [2021-11-18T20:21:08.106Z] Setting GAC to /Users/mig/.config/firebase/admin_unltdstarfinance_com_application_default_credentials.json {"metadata":{"emulator":{"name":"functions"},"message":"Setting GAC to /Users/mig/.config/firebase/admin_unltdstarfinance_com_application_default_credentials.json"}}
[debug] [2021-11-18T20:21:08.108Z] > refreshing access token with scopes: []
[debug] [2021-11-18T20:21:08.109Z] >>> HTTP REQUEST POST https://www.googleapis.com/oauth2/v3/token  
 <request body omitted>
[debug] [2021-11-18T20:21:08.328Z] <<< HTTP RESPONSE 200 {"date":"Thu, 18 Nov 2021 20:21:08 GMT","pragma":"no-cache","expires":"Mon, 01 Jan 1990 00:00:00 GMT","cache-control":"no-cache, no-store, max-age=0, must-revalidate","content-type":"application/json; charset=utf-8","vary":"X-Origin, Referer, Origin,Accept-Encoding","server":"scaffolding on HTTPServer2","x-xss-protection":"0","x-frame-options":"SAMEORIGIN","x-content-type-options":"nosniff","alt-svc":"h3=\":443\"; ma=2592000,h3-29=\":443\"; ma=2592000,h3-Q050=\":443\"; ma=2592000,h3-Q046=\":443\"; ma=2592000,h3-Q043=\":443\"; ma=2592000,quic=\":443\"; ma=2592000; v=\"46,43\"","accept-ranges":"none","transfer-encoding":"chunked"}
[debug] [2021-11-18T20:21:08.378Z] >>> [apiv2][query] GET https://firebase.googleapis.com/v1beta1/projects/thepicks/adminSdkConfig [none]
[debug] [2021-11-18T20:21:08.708Z] <<< [apiv2][status] GET https://firebase.googleapis.com/v1beta1/projects/thepicks/adminSdkConfig 200
[debug] [2021-11-18T20:21:08.708Z] <<< [apiv2][body] GET https://firebase.googleapis.com/v1beta1/projects/thepicks/adminSdkConfig {"projectId":"thepicks","databaseURL":"https://thepicks-default-rtdb.firebaseio.com","storageBucket":"thepicks.appspot.com","locationId":"us-central"}
[debug] [2021-11-18T20:21:08.984Z] Ignoring unsupported arg: auto_download {"metadata":{"emulator":{"name":"ui"},"message":"Ignoring unsupported arg: auto_download"}}
[debug] [2021-11-18T20:21:08.985Z] Ignoring unsupported arg: port {"metadata":{"emulator":{"name":"ui"},"message":"Ignoring unsupported arg: port"}}
[debug] [2021-11-18T20:21:08.985Z] Starting Emulator UI with command {"binary":"node","args":["/Users/mig/.cache/firebase/emulators/ui-v1.6.3/server.bundle.js"],"optionalArgs":[],"joinArgs":false} {"metadata":{"emulator":{"name":"ui"},"message":"Starting Emulator UI with command {\"binary\":\"node\",\"args\":[\"/Users/mig/.cache/firebase/emulators/ui-v1.6.3/server.bundle.js\"],\"optionalArgs\":[],\"joinArgs\":false}"}}
[info] i  ui: Emulator UI logging to ui-debug.log {"metadata":{"emulator":{"name":"ui"},"message":"Emulator UI logging to \u001b[1mui-debug.log\u001b[22m"}}
[debug] [2021-11-18T20:21:09.105Z] Web / API server started at localhost:4000
 {"metadata":{"emulator":{"name":"ui"},"message":"Web / API server started at localhost:4000\n"}}
[info] i  functions: Watching "/Users/mig/Documents/GitHub/td-api-client/" for Cloud Functions... {"metadata":{"emulator":{"name":"functions"},"message":"Watching \"/Users/mig/Documents/GitHub/td-api-client/\" for Cloud Functions..."}}
[debug] [2021-11-18T20:21:09.267Z] [worker-pool] addWorker(~diagnostic~) {"metadata":{"emulator":{"name":"functions"},"message":"[worker-pool] addWorker(~diagnostic~)"}}
[debug] [2021-11-18T20:21:09.268Z] [worker-pool] Adding worker with key ~diagnostic~, total=1 {"metadata":{"emulator":{"name":"functions"},"message":"[worker-pool] Adding worker with key ~diagnostic~, total=1"}}
[debug] [2021-11-18T20:21:09.268Z] [worker-pool] submitWork(triggerId=) {"metadata":{"emulator":{"name":"functions"},"message":"[worker-pool] submitWork(triggerId=)"}}
[debug] [2021-11-18T20:21:09.268Z] [worker-~diagnostic~-2323469e-7418-4865-9d25-4032a5e35b4d]: Assigning socketPath: /var/folders/zv/fyfsl4g14tdf075qf9ffw0k40000gn/T/fire_emu_60515.sock {"metadata":{"emulator":{"name":"functions"},"message":"[worker-~diagnostic~-2323469e-7418-4865-9d25-4032a5e35b4d]: Assigning socketPath: /var/folders/zv/fyfsl4g14tdf075qf9ffw0k40000gn/T/fire_emu_60515.sock"}}
[debug] [2021-11-18T20:21:09.268Z] [worker-~diagnostic~-2323469e-7418-4865-9d25-4032a5e35b4d]: BUSY {"metadata":{"emulator":{"name":"functions"},"message":"[worker-~diagnostic~-2323469e-7418-4865-9d25-4032a5e35b4d]: BUSY"}}
[debug] [2021-11-18T20:21:09.489Z] [runtime-status] [60515] Functions runtime initialized. {"cwd":"/Users/mig/Documents/GitHub/td-api-client","node_version":"16.6.1"} {"metadata":{"emulator":{"name":"functions"},"message":"[runtime-status] [60515] Functions runtime initialized. {\"cwd\":\"/Users/mig/Documents/GitHub/td-api-client\",\"node_version\":\"16.6.1\"}"}}
[debug] [2021-11-18T20:21:09.490Z] [runtime-status] [60515] Disabled runtime features: undefined {"metadata":{"emulator":{"name":"functions"},"message":"[runtime-status] [60515] Disabled runtime features: undefined"}}
[debug] [2021-11-18T20:21:09.492Z] [runtime-status] [60515] Resolved module firebase-admin {"declared":true,"installed":true,"version":"9.12.0","resolution":"/Users/mig/Documents/GitHub/td-api-client/node_modules/firebase-admin/lib/index.js"} {"metadata":{"emulator":{"name":"functions"},"message":"[runtime-status] [60515] Resolved module firebase-admin {\"declared\":true,\"installed\":true,\"version\":\"9.12.0\",\"resolution\":\"/Users/mig/Documents/GitHub/td-api-client/node_modules/firebase-admin/lib/index.js\"}"}}
[debug] [2021-11-18T20:21:09.495Z] [runtime-status] [60515] Resolved module firebase-functions {"declared":true,"installed":true,"version":"3.15.7","resolution":"/Users/mig/Documents/GitHub/td-api-client/node_modules/firebase-functions/lib/index.js"} {"metadata":{"emulator":{"name":"functions"},"message":"[runtime-status] [60515] Resolved module firebase-functions {\"declared\":true,\"installed\":true,\"version\":\"3.15.7\",\"resolution\":\"/Users/mig/Documents/GitHub/td-api-client/node_modules/firebase-functions/lib/index.js\"}"}}
[debug] [2021-11-18T20:21:09.500Z] [runtime-status] [60515] Resolved module firebase-functions {"declared":true,"installed":true,"version":"3.15.7","resolution":"/Users/mig/Documents/GitHub/td-api-client/node_modules/firebase-functions/lib/index.js"} {"metadata":{"emulator":{"name":"functions"},"message":"[runtime-status] [60515] Resolved module firebase-functions {\"declared\":true,\"installed\":true,\"version\":\"3.15.7\",\"resolution\":\"/Users/mig/Documents/GitHub/td-api-client/node_modules/firebase-functions/lib/index.js\"}"}}
[debug] [2021-11-18T20:21:09.502Z] [runtime-status] [60515] Outgoing network have been stubbed. [{"name":"http","status":"mocked"},{"name":"http","status":"mocked"},{"name":"https","status":"mocked"},{"name":"https","status":"mocked"},{"name":"net","status":"mocked"}] {"metadata":{"emulator":{"name":"functions"},"message":"[runtime-status] [60515] Outgoing network have been stubbed. [{\"name\":\"http\",\"status\":\"mocked\"},{\"name\":\"http\",\"status\":\"mocked\"},{\"name\":\"https\",\"status\":\"mocked\"},{\"name\":\"https\",\"status\":\"mocked\"},{\"name\":\"net\",\"status\":\"mocked\"}]"}}
[debug] [2021-11-18T20:21:09.503Z] [runtime-status] [60515] Resolved module firebase-functions {"declared":true,"installed":true,"version":"3.15.7","resolution":"/Users/mig/Documents/GitHub/td-api-client/node_modules/firebase-functions/lib/index.js"} {"metadata":{"emulator":{"name":"functions"},"message":"[runtime-status] [60515] Resolved module firebase-functions {\"declared\":true,\"installed\":true,\"version\":\"3.15.7\",\"resolution\":\"/Users/mig/Documents/GitHub/td-api-client/node_modules/firebase-functions/lib/index.js\"}"}}
[debug] [2021-11-18T20:21:09.546Z] [runtime-status] [60515] Checked functions.config() {"config":{}} {"metadata":{"emulator":{"name":"functions"},"message":"[runtime-status] [60515] Checked functions.config() {\"config\":{}}"}}
[debug] [2021-11-18T20:21:09.546Z] [runtime-status] [60515] firebase-functions has been stubbed. {"functionsResolution":{"declared":true,"installed":true,"version":"3.15.7","resolution":"/Users/mig/Documents/GitHub/td-api-client/node_modules/firebase-functions/lib/index.js"}} {"metadata":{"emulator":{"name":"functions"},"message":"[runtime-status] [60515] firebase-functions has been stubbed. {\"functionsResolution\":{\"declared\":true,\"installed\":true,\"version\":\"3.15.7\",\"resolution\":\"/Users/mig/Documents/GitHub/td-api-client/node_modules/firebase-functions/lib/index.js\"}}"}}
[debug] [2021-11-18T20:21:09.547Z] [runtime-status] [60515] Resolved module firebase-functions {"declared":true,"installed":true,"version":"3.15.7","resolution":"/Users/mig/Documents/GitHub/td-api-client/node_modules/firebase-functions/lib/index.js"} {"metadata":{"emulator":{"name":"functions"},"message":"[runtime-status] [60515] Resolved module firebase-functions {\"declared\":true,\"installed\":true,\"version\":\"3.15.7\",\"resolution\":\"/Users/mig/Documents/GitHub/td-api-client/node_modules/firebase-functions/lib/index.js\"}"}}
[debug] [2021-11-18T20:21:09.548Z] [runtime-status] [60515] Resolved module firebase-admin {"declared":true,"installed":true,"version":"9.12.0","resolution":"/Users/mig/Documents/GitHub/td-api-client/node_modules/firebase-admin/lib/index.js"} {"metadata":{"emulator":{"name":"functions"},"message":"[runtime-status] [60515] Resolved module firebase-admin {\"declared\":true,\"installed\":true,\"version\":\"9.12.0\",\"resolution\":\"/Users/mig/Documents/GitHub/td-api-client/node_modules/firebase-admin/lib/index.js\"}"}}
[debug] [2021-11-18T20:21:09.548Z] [runtime-status] [60515] Resolved module firebase-functions {"declared":true,"installed":true,"version":"3.15.7","resolution":"/Users/mig/Documents/GitHub/td-api-client/node_modules/firebase-functions/lib/index.js"} {"metadata":{"emulator":{"name":"functions"},"message":"[runtime-status] [60515] Resolved module firebase-functions {\"declared\":true,\"installed\":true,\"version\":\"3.15.7\",\"resolution\":\"/Users/mig/Documents/GitHub/td-api-client/node_modules/firebase-functions/lib/index.js\"}"}}
[debug] [2021-11-18T20:21:09.548Z] [runtime-status] [60515] firebase-admin has been stubbed. {"adminResolution":{"declared":true,"installed":true,"version":"9.12.0","resolution":"/Users/mig/Documents/GitHub/td-api-client/node_modules/firebase-admin/lib/index.js"}} {"metadata":{"emulator":{"name":"functions"},"message":"[runtime-status] [60515] firebase-admin has been stubbed. {\"adminResolution\":{\"declared\":true,\"installed\":true,\"version\":\"9.12.0\",\"resolution\":\"/Users/mig/Documents/GitHub/td-api-client/node_modules/firebase-admin/lib/index.js\"}}"}}
[info] ✔  functions[us-central1-financialApi]: http function initialized (http://localhost:5001/thepicks/us-central1/financialApi). {"metadata":{"emulator":{"name":"functions"},"message":"\u001b[1mhttp\u001b[22m function initialized (http://localhost:5001/thepicks/us-central1/financialApi)."}}
[info] 
┌─────────────────────────────────────────────────────────────┐
│ ✔  All emulators ready! It is now safe to connect your app. │
│ i  View Emulator UI at http://localhost:4000                │
└─────────────────────────────────────────────────────────────┘

┌───────────┬────────────────┬─────────────────────────────────┐
│ Emulator  │ Host:Port      │ View in Emulator UI             │
├───────────┼────────────────┼─────────────────────────────────┤
│ Functions │ localhost:5001 │ http://localhost:4000/functions │
└───────────┴────────────────┴─────────────────────────────────┘
  Emulator Hub running at localhost:4400
  Other reserved ports: 4500

Issues? Report them at https://github.com/firebase/firebase-tools/issues and attach the *-debug.log files.
 
[debug] [2021-11-18T20:21:09.647Z] [worker-~diagnostic~-2323469e-7418-4865-9d25-4032a5e35b4d]: IDLE {"metadata":{"emulator":{"name":"functions"},"message":"[worker-~diagnostic~-2323469e-7418-4865-9d25-4032a5e35b4d]: IDLE"}}
[info] >  http://localhost:3000 {"user":"http://localhost:3000","metadata":{"emulator":{"name":"functions"},"message":"\u001b[90m> \u001b[39m http://localhost:3000"}}
[debug] [2021-11-18T20:22:14.554Z] [work-queue] {"queueLength":1,"workRunningCount":0}
[debug] [2021-11-18T20:22:14.555Z] [work-queue] {"queueLength":0,"workRunningCount":1}
[debug] [2021-11-18T20:22:14.556Z] Accepted request GET /thepicks/us-central1/financialApi --> us-central1-financialApi
[debug] [2021-11-18T20:22:14.569Z] [worker-pool] addWorker(us-central1-financialApi) {"metadata":{"emulator":{"name":"functions"},"message":"[worker-pool] addWorker(us-central1-financialApi)"}}
[debug] [2021-11-18T20:22:14.570Z] [worker-pool] Adding worker with key us-central1-financialApi, total=1 {"metadata":{"emulator":{"name":"functions"},"message":"[worker-pool] Adding worker with key us-central1-financialApi, total=1"}}
[debug] [2021-11-18T20:22:14.570Z] [worker-pool] submitWork(triggerId=us-central1-financialApi) {"metadata":{"emulator":{"name":"functions"},"message":"[worker-pool] submitWork(triggerId=us-central1-financialApi)"}}
[debug] [2021-11-18T20:22:14.570Z] [worker-us-central1-financialApi-5211fb05-781b-4592-bd22-68714b745fc2]: Assigning socketPath: /var/folders/zv/fyfsl4g14tdf075qf9ffw0k40000gn/T/fire_emu_60933.sock {"metadata":{"emulator":{"name":"functions"},"message":"[worker-us-central1-financialApi-5211fb05-781b-4592-bd22-68714b745fc2]: Assigning socketPath: /var/folders/zv/fyfsl4g14tdf075qf9ffw0k40000gn/T/fire_emu_60933.sock"}}
[debug] [2021-11-18T20:22:14.570Z] [worker-us-central1-financialApi-5211fb05-781b-4592-bd22-68714b745fc2]: BUSY {"metadata":{"emulator":{"name":"functions"},"message":"[worker-us-central1-financialApi-5211fb05-781b-4592-bd22-68714b745fc2]: BUSY"}}
[debug] [2021-11-18T20:22:14.916Z] [runtime-status] [60933] Functions runtime initialized. {"cwd":"/Users/mig/Documents/GitHub/td-api-client","node_version":"16.6.1"} {"metadata":{"emulator":{"name":"functions"},"function":{"name":"us-central1-financialApi"},"message":"[runtime-status] [60933] Functions runtime initialized. {\"cwd\":\"/Users/mig/Documents/GitHub/td-api-client\",\"node_version\":\"16.6.1\"}"}}
[debug] [2021-11-18T20:22:14.919Z] [runtime-status] [60933] Disabled runtime features: undefined {"metadata":{"emulator":{"name":"functions"},"function":{"name":"us-central1-financialApi"},"message":"[runtime-status] [60933] Disabled runtime features: undefined"}}
[debug] [2021-11-18T20:22:14.925Z] [runtime-status] [60933] Resolved module firebase-admin {"declared":true,"installed":true,"version":"9.12.0","resolution":"/Users/mig/Documents/GitHub/td-api-client/node_modules/firebase-admin/lib/index.js"} {"metadata":{"emulator":{"name":"functions"},"function":{"name":"us-central1-financialApi"},"message":"[runtime-status] [60933] Resolved module firebase-admin {\"declared\":true,\"installed\":true,\"version\":\"9.12.0\",\"resolution\":\"/Users/mig/Documents/GitHub/td-api-client/node_modules/firebase-admin/lib/index.js\"}"}}
[debug] [2021-11-18T20:22:14.928Z] [runtime-status] [60933] Resolved module firebase-functions {"declared":true,"installed":true,"version":"3.15.7","resolution":"/Users/mig/Documents/GitHub/td-api-client/node_modules/firebase-functions/lib/index.js"} {"metadata":{"emulator":{"name":"functions"},"function":{"name":"us-central1-financialApi"},"message":"[runtime-status] [60933] Resolved module firebase-functions {\"declared\":true,\"installed\":true,\"version\":\"3.15.7\",\"resolution\":\"/Users/mig/Documents/GitHub/td-api-client/node_modules/firebase-functions/lib/index.js\"}"}}
[debug] [2021-11-18T20:22:14.932Z] [runtime-status] [60933] Resolved module firebase-functions {"declared":true,"installed":true,"version":"3.15.7","resolution":"/Users/mig/Documents/GitHub/td-api-client/node_modules/firebase-functions/lib/index.js"} {"metadata":{"emulator":{"name":"functions"},"function":{"name":"us-central1-financialApi"},"message":"[runtime-status] [60933] Resolved module firebase-functions {\"declared\":true,\"installed\":true,\"version\":\"3.15.7\",\"resolution\":\"/Users/mig/Documents/GitHub/td-api-client/node_modules/firebase-functions/lib/index.js\"}"}}
[debug] [2021-11-18T20:22:14.934Z] [runtime-status] [60933] Outgoing network have been stubbed. [{"name":"http","status":"mocked"},{"name":"http","status":"mocked"},{"name":"https","status":"mocked"},{"name":"https","status":"mocked"},{"name":"net","status":"mocked"}] {"metadata":{"emulator":{"name":"functions"},"function":{"name":"us-central1-financialApi"},"message":"[runtime-status] [60933] Outgoing network have been stubbed. [{\"name\":\"http\",\"status\":\"mocked\"},{\"name\":\"http\",\"status\":\"mocked\"},{\"name\":\"https\",\"status\":\"mocked\"},{\"name\":\"https\",\"status\":\"mocked\"},{\"name\":\"net\",\"status\":\"mocked\"}]"}}
[debug] [2021-11-18T20:22:14.935Z] [runtime-status] [60933] Resolved module firebase-functions {"declared":true,"installed":true,"version":"3.15.7","resolution":"/Users/mig/Documents/GitHub/td-api-client/node_modules/firebase-functions/lib/index.js"} {"metadata":{"emulator":{"name":"functions"},"function":{"name":"us-central1-financialApi"},"message":"[runtime-status] [60933] Resolved module firebase-functions {\"declared\":true,\"installed\":true,\"version\":\"3.15.7\",\"resolution\":\"/Users/mig/Documents/GitHub/td-api-client/node_modules/firebase-functions/lib/index.js\"}"}}
[debug] [2021-11-18T20:22:14.983Z] [runtime-status] [60933] Checked functions.config() {"config":{}} {"metadata":{"emulator":{"name":"functions"},"function":{"name":"us-central1-financialApi"},"message":"[runtime-status] [60933] Checked functions.config() {\"config\":{}}"}}
[debug] [2021-11-18T20:22:14.983Z] [runtime-status] [60933] firebase-functions has been stubbed. {"functionsResolution":{"declared":true,"installed":true,"version":"3.15.7","resolution":"/Users/mig/Documents/GitHub/td-api-client/node_modules/firebase-functions/lib/index.js"}} {"metadata":{"emulator":{"name":"functions"},"function":{"name":"us-central1-financialApi"},"message":"[runtime-status] [60933] firebase-functions has been stubbed. {\"functionsResolution\":{\"declared\":true,\"installed\":true,\"version\":\"3.15.7\",\"resolution\":\"/Users/mig/Documents/GitHub/td-api-client/node_modules/firebase-functions/lib/index.js\"}}"}}
[debug] [2021-11-18T20:22:14.984Z] [runtime-status] [60933] Resolved module firebase-functions {"declared":true,"installed":true,"version":"3.15.7","resolution":"/Users/mig/Documents/GitHub/td-api-client/node_modules/firebase-functions/lib/index.js"} {"metadata":{"emulator":{"name":"functions"},"function":{"name":"us-central1-financialApi"},"message":"[runtime-status] [60933] Resolved module firebase-functions {\"declared\":true,\"installed\":true,\"version\":\"3.15.7\",\"resolution\":\"/Users/mig/Documents/GitHub/td-api-client/node_modules/firebase-functions/lib/index.js\"}"}}
[debug] [2021-11-18T20:22:14.984Z] [runtime-status] [60933] Resolved module firebase-admin {"declared":true,"installed":true,"version":"9.12.0","resolution":"/Users/mig/Documents/GitHub/td-api-client/node_modules/firebase-admin/lib/index.js"} {"metadata":{"emulator":{"name":"functions"},"function":{"name":"us-central1-financialApi"},"message":"[runtime-status] [60933] Resolved module firebase-admin {\"declared\":true,\"installed\":true,\"version\":\"9.12.0\",\"resolution\":\"/Users/mig/Documents/GitHub/td-api-client/node_modules/firebase-admin/lib/index.js\"}"}}
[debug] [2021-11-18T20:22:14.985Z] [runtime-status] [60933] Resolved module firebase-functions {"declared":true,"installed":true,"version":"3.15.7","resolution":"/Users/mig/Documents/GitHub/td-api-client/node_modules/firebase-functions/lib/index.js"} {"metadata":{"emulator":{"name":"functions"},"function":{"name":"us-central1-financialApi"},"message":"[runtime-status] [60933] Resolved module firebase-functions {\"declared\":true,\"installed\":true,\"version\":\"3.15.7\",\"resolution\":\"/Users/mig/Documents/GitHub/td-api-client/node_modules/firebase-functions/lib/index.js\"}"}}
[debug] [2021-11-18T20:22:14.985Z] [runtime-status] [60933] firebase-admin has been stubbed. {"adminResolution":{"declared":true,"installed":true,"version":"9.12.0","resolution":"/Users/mig/Documents/GitHub/td-api-client/node_modules/firebase-admin/lib/index.js"}} {"metadata":{"emulator":{"name":"functions"},"function":{"name":"us-central1-financialApi"},"message":"[runtime-status] [60933] firebase-admin has been stubbed. {\"adminResolution\":{\"declared\":true,\"installed\":true,\"version\":\"9.12.0\",\"resolution\":\"/Users/mig/Documents/GitHub/td-api-client/node_modules/firebase-admin/lib/index.js\"}}"}}
[debug] [2021-11-18T20:22:15.110Z] [runtime-status] [60933] Trigger "us-central1-financialApi" has been found, beginning invocation! {"metadata":{"emulator":{"name":"functions"},"function":{"name":"us-central1-financialApi"},"message":"[runtime-status] [60933] Trigger \"us-central1-financialApi\" has been found, beginning invocation!"}}
[info] i  functions: Beginning execution of "us-central1-financialApi" {"metadata":{"emulator":{"name":"functions"},"function":{"name":"us-central1-financialApi"},"message":"Beginning execution of \"us-central1-financialApi\""}}
[debug] [2021-11-18T20:22:15.110Z] [runtime-status] [60933] triggerDefinition {"httpsTrigger":{},"name":"financialApi","entryPoint":"financialApi","regions":["us-central1"],"region":"us-central1","id":"us-central1-financialApi"} {"metadata":{"emulator":{"name":"functions"},"function":{"name":"us-central1-financialApi"},"message":"[runtime-status] [60933] triggerDefinition {\"httpsTrigger\":{},\"name\":\"financialApi\",\"entryPoint\":\"financialApi\",\"regions\":[\"us-central1\"],\"region\":\"us-central1\",\"id\":\"us-central1-financialApi\"}"}}
[debug] [2021-11-18T20:22:15.111Z] [runtime-status] [60933] Running us-central1-financialApi in mode HTTPS {"metadata":{"emulator":{"name":"functions"},"function":{"name":"us-central1-financialApi"},"message":"[runtime-status] [60933] Running us-central1-financialApi in mode HTTPS"}}
[debug] [2021-11-18T20:22:15.112Z] [runtime-status] [60933] Attempting to listen to socketPath: /var/folders/zv/fyfsl4g14tdf075qf9ffw0k40000gn/T/fire_emu_60933.sock {"metadata":{"emulator":{"name":"functions"},"function":{"name":"us-central1-financialApi"},"message":"[runtime-status] [60933] Attempting to listen to socketPath: /var/folders/zv/fyfsl4g14tdf075qf9ffw0k40000gn/T/fire_emu_60933.sock"}}
[info] >  http://localhost:80 {"user":"http://localhost:80","metadata":{"emulator":{"name":"functions"},"function":{"name":"us-central1-financialApi"},"message":"\u001b[90m> \u001b[39m http://localhost:80"}}
[debug] [2021-11-18T20:22:15.121Z] [functions] Runtime ready! Sending request! {"metadata":{"emulator":{"name":"functions"},"message":"[functions] Runtime ready! Sending request!"}}
[debug] [2021-11-18T20:22:15.122Z] [functions] Got req.url=/thepicks/us-central1/financialApi, mapping to path=/ {"metadata":{"emulator":{"name":"functions"},"message":"[functions] Got req.url=/thepicks/us-central1/financialApi, mapping to path=/"}}
[debug] [2021-11-18T20:22:15.136Z] [runtime-status] [60933] Ephemeral server handling GET request {"metadata":{"emulator":{"name":"functions"},"function":{"name":"us-central1-financialApi"},"message":"[runtime-status] [60933] Ephemeral server handling GET request"}}
[debug] [2021-11-18T20:22:15.143Z] [runtime-status] [60933] Ephemeral server survived. {"metadata":{"emulator":{"name":"functions"},"function":{"name":"us-central1-financialApi"},"message":"[runtime-status] [60933] Ephemeral server survived."}}
[info] i  functions: Finished "us-central1-financialApi" in ~1s {"metadata":{"emulator":{"name":"functions"},"function":{"name":"us-central1-financialApi"},"message":"Finished \"us-central1-financialApi\" in ~1s"}}
[debug] [2021-11-18T20:22:15.146Z] [worker-us-central1-financialApi-5211fb05-781b-4592-bd22-68714b745fc2]: IDLE {"metadata":{"emulator":{"name":"functions"},"message":"[worker-us-central1-financialApi-5211fb05-781b-4592-bd22-68714b745fc2]: IDLE"}}
[debug] [2021-11-18T20:22:15.146Z] [work-queue] {"queueLength":0,"workRunningCount":0}
[debug] [2021-11-18T20:24:02.165Z] [work-queue] {"queueLength":1,"workRunningCount":0}
[debug] [2021-11-18T20:24:02.167Z] [work-queue] {"queueLength":0,"workRunningCount":1}
[debug] [2021-11-18T20:24:02.167Z] Accepted request GET /thepicks/us-central1/financialApi/poly-news?symbol=bbig --> us-central1-financialApi
[debug] [2021-11-18T20:24:02.168Z] [worker-pool] submitWork(triggerId=us-central1-financialApi) {"metadata":{"emulator":{"name":"functions"},"message":"[worker-pool] submitWork(triggerId=us-central1-financialApi)"}}
[debug] [2021-11-18T20:24:02.169Z] [worker-us-central1-financialApi-5211fb05-781b-4592-bd22-68714b745fc2]: Assigning socketPath: /var/folders/zv/fyfsl4g14tdf075qf9ffw0k40000gn/T/fire_emu_60933.sock {"metadata":{"emulator":{"name":"functions"},"message":"[worker-us-central1-financialApi-5211fb05-781b-4592-bd22-68714b745fc2]: Assigning socketPath: /var/folders/zv/fyfsl4g14tdf075qf9ffw0k40000gn/T/fire_emu_60933.sock"}}
[debug] [2021-11-18T20:24:02.177Z] [worker-us-central1-financialApi-5211fb05-781b-4592-bd22-68714b745fc2]: BUSY {"metadata":{"emulator":{"name":"functions"},"message":"[worker-us-central1-financialApi-5211fb05-781b-4592-bd22-68714b745fc2]: BUSY"}}
[debug] [2021-11-18T20:24:02.183Z] [runtime-status] [60933] Trigger "us-central1-financialApi" has been found, beginning invocation! {"metadata":{"emulator":{"name":"functions"},"function":{"name":"us-central1-financialApi"},"message":"[runtime-status] [60933] Trigger \"us-central1-financialApi\" has been found, beginning invocation!"}}
[info] i  functions: Beginning execution of "us-central1-financialApi" {"metadata":{"emulator":{"name":"functions"},"function":{"name":"us-central1-financialApi"},"message":"Beginning execution of \"us-central1-financialApi\""}}
[debug] [2021-11-18T20:24:02.185Z] [runtime-status] [60933] triggerDefinition {"httpsTrigger":{},"name":"financialApi","entryPoint":"financialApi","regions":["us-central1"],"region":"us-central1","id":"us-central1-financialApi"} {"metadata":{"emulator":{"name":"functions"},"function":{"name":"us-central1-financialApi"},"message":"[runtime-status] [60933] triggerDefinition {\"httpsTrigger\":{},\"name\":\"financialApi\",\"entryPoint\":\"financialApi\",\"regions\":[\"us-central1\"],\"region\":\"us-central1\",\"id\":\"us-central1-financialApi\"}"}}
[debug] [2021-11-18T20:24:02.185Z] [runtime-status] [60933] Running us-central1-financialApi in mode HTTPS {"metadata":{"emulator":{"name":"functions"},"function":{"name":"us-central1-financialApi"},"message":"[runtime-status] [60933] Running us-central1-financialApi in mode HTTPS"}}
[debug] [2021-11-18T20:24:02.194Z] [runtime-status] [60933] Attempting to listen to socketPath: /var/folders/zv/fyfsl4g14tdf075qf9ffw0k40000gn/T/fire_emu_60933.sock {"metadata":{"emulator":{"name":"functions"},"function":{"name":"us-central1-financialApi"},"message":"[runtime-status] [60933] Attempting to listen to socketPath: /var/folders/zv/fyfsl4g14tdf075qf9ffw0k40000gn/T/fire_emu_60933.sock"}}
[debug] [2021-11-18T20:24:02.211Z] [functions] Runtime ready! Sending request! {"metadata":{"emulator":{"name":"functions"},"message":"[functions] Runtime ready! Sending request!"}}
[debug] [2021-11-18T20:24:02.214Z] [functions] Got req.url=/thepicks/us-central1/financialApi/poly-news?symbol=bbig, mapping to path=/poly-news?symbol=bbig {"metadata":{"emulator":{"name":"functions"},"message":"[functions] Got req.url=/thepicks/us-central1/financialApi/poly-news?symbol=bbig, mapping to path=/poly-news?symbol=bbig"}}
[debug] [2021-11-18T20:24:02.239Z] [runtime-status] [60933] Ephemeral server handling GET request {"metadata":{"emulator":{"name":"functions"},"function":{"name":"us-central1-financialApi"},"message":"[runtime-status] [60933] Ephemeral server handling GET request"}}
[debug] [2021-11-18T20:24:02.286Z] [runtime-status] [60933] Ephemeral server survived. {"metadata":{"emulator":{"name":"functions"},"function":{"name":"us-central1-financialApi"},"message":"[runtime-status] [60933] Ephemeral server survived."}}
[info] i  functions: Finished "us-central1-financialApi" in ~1s {"metadata":{"emulator":{"name":"functions"},"function":{"name":"us-central1-financialApi"},"message":"Finished \"us-central1-financialApi\" in ~1s"}}
[debug] [2021-11-18T20:24:02.647Z] [worker-us-central1-financialApi-5211fb05-781b-4592-bd22-68714b745fc2]: IDLE {"metadata":{"emulator":{"name":"functions"},"message":"[worker-us-central1-financialApi-5211fb05-781b-4592-bd22-68714b745fc2]: IDLE"}}
[debug] [2021-11-18T20:24:02.648Z] [work-queue] {"queueLength":0,"workRunningCount":0}
[debug] [2021-11-18T20:24:42.441Z] [work-queue] {"queueLength":1,"workRunningCount":0}
[debug] [2021-11-18T20:24:42.446Z] [work-queue] {"queueLength":0,"workRunningCount":1}
[debug] [2021-11-18T20:24:42.446Z] Accepted request GET /thepicks/us-central1/financialApi/fmp-filings?symbol=aapl --> us-central1-financialApi
[debug] [2021-11-18T20:24:42.447Z] [worker-pool] submitWork(triggerId=us-central1-financialApi) {"metadata":{"emulator":{"name":"functions"},"message":"[worker-pool] submitWork(triggerId=us-central1-financialApi)"}}
[debug] [2021-11-18T20:24:42.449Z] [worker-us-central1-financialApi-5211fb05-781b-4592-bd22-68714b745fc2]: Assigning socketPath: /var/folders/zv/fyfsl4g14tdf075qf9ffw0k40000gn/T/fire_emu_60933.sock {"metadata":{"emulator":{"name":"functions"},"message":"[worker-us-central1-financialApi-5211fb05-781b-4592-bd22-68714b745fc2]: Assigning socketPath: /var/folders/zv/fyfsl4g14tdf075qf9ffw0k40000gn/T/fire_emu_60933.sock"}}
[debug] [2021-11-18T20:24:42.449Z] [worker-us-central1-financialApi-5211fb05-781b-4592-bd22-68714b745fc2]: BUSY {"metadata":{"emulator":{"name":"functions"},"message":"[worker-us-central1-financialApi-5211fb05-781b-4592-bd22-68714b745fc2]: BUSY"}}
[debug] [2021-11-18T20:24:42.454Z] [runtime-status] [60933] Trigger "us-central1-financialApi" has been found, beginning invocation! {"metadata":{"emulator":{"name":"functions"},"function":{"name":"us-central1-financialApi"},"message":"[runtime-status] [60933] Trigger \"us-central1-financialApi\" has been found, beginning invocation!"}}
[info] i  functions: Beginning execution of "us-central1-financialApi" {"metadata":{"emulator":{"name":"functions"},"function":{"name":"us-central1-financialApi"},"message":"Beginning execution of \"us-central1-financialApi\""}}
[debug] [2021-11-18T20:24:42.463Z] [runtime-status] [60933] triggerDefinition {"httpsTrigger":{},"name":"financialApi","entryPoint":"financialApi","regions":["us-central1"],"region":"us-central1","id":"us-central1-financialApi"} {"metadata":{"emulator":{"name":"functions"},"function":{"name":"us-central1-financialApi"},"message":"[runtime-status] [60933] triggerDefinition {\"httpsTrigger\":{},\"name\":\"financialApi\",\"entryPoint\":\"financialApi\",\"regions\":[\"us-central1\"],\"region\":\"us-central1\",\"id\":\"us-central1-financialApi\"}"}}
[debug] [2021-11-18T20:24:42.463Z] [runtime-status] [60933] Running us-central1-financialApi in mode HTTPS {"metadata":{"emulator":{"name":"functions"},"function":{"name":"us-central1-financialApi"},"message":"[runtime-status] [60933] Running us-central1-financialApi in mode HTTPS"}}
[debug] [2021-11-18T20:24:42.465Z] [runtime-status] [60933] Attempting to listen to socketPath: /var/folders/zv/fyfsl4g14tdf075qf9ffw0k40000gn/T/fire_emu_60933.sock {"metadata":{"emulator":{"name":"functions"},"function":{"name":"us-central1-financialApi"},"message":"[runtime-status] [60933] Attempting to listen to socketPath: /var/folders/zv/fyfsl4g14tdf075qf9ffw0k40000gn/T/fire_emu_60933.sock"}}
[debug] [2021-11-18T20:24:42.481Z] [functions] Runtime ready! Sending request! {"metadata":{"emulator":{"name":"functions"},"message":"[functions] Runtime ready! Sending request!"}}
[debug] [2021-11-18T20:24:42.484Z] [functions] Got req.url=/thepicks/us-central1/financialApi/fmp-filings?symbol=aapl, mapping to path=/fmp-filings?symbol=aapl {"metadata":{"emulator":{"name":"functions"},"message":"[functions] Got req.url=/thepicks/us-central1/financialApi/fmp-filings?symbol=aapl, mapping to path=/fmp-filings?symbol=aapl"}}
[debug] [2021-11-18T20:24:42.503Z] [runtime-status] [60933] Ephemeral server handling GET request {"metadata":{"emulator":{"name":"functions"},"function":{"name":"us-central1-financialApi"},"message":"[runtime-status] [60933] Ephemeral server handling GET request"}}
[debug] [2021-11-18T20:24:42.518Z] [runtime-status] [60933] Ephemeral server survived. {"metadata":{"emulator":{"name":"functions"},"function":{"name":"us-central1-financialApi"},"message":"[runtime-status] [60933] Ephemeral server survived."}}
[info] i  functions: Finished "us-central1-financialApi" in ~1s {"metadata":{"emulator":{"name":"functions"},"function":{"name":"us-central1-financialApi"},"message":"Finished \"us-central1-financialApi\" in ~1s"}}
[debug] [2021-11-18T20:24:42.902Z] [worker-us-central1-financialApi-5211fb05-781b-4592-bd22-68714b745fc2]: IDLE {"metadata":{"emulator":{"name":"functions"},"message":"[worker-us-central1-financialApi-5211fb05-781b-4592-bd22-68714b745fc2]: IDLE"}}
[debug] [2021-11-18T20:24:42.902Z] [work-queue] {"queueLength":0,"workRunningCount":0}
